[debug] [2022-07-12T23:15:39.000Z] ----------------------------------------------------------------------
[debug] [2022-07-12T23:15:39.025Z] Command:       C:\Program Files\nodejs\node.exe C:\Users\shivam\AppData\Roaming\npm\node_modules\firebase-tools\lib\bin\firebase.js deploy --only functions
[debug] [2022-07-12T23:15:39.027Z] CLI Version:   11.2.2
[debug] [2022-07-12T23:15:39.027Z] Platform:      win32
[debug] [2022-07-12T23:15:39.028Z] Node Version:  v14.18.1
[debug] [2022-07-12T23:15:39.036Z] Time:          Tue Jul 12 2022 19:15:39 GMT-0400 (Eastern Daylight Time)
[debug] [2022-07-12T23:15:39.038Z] ----------------------------------------------------------------------
[debug] 
[debug] [2022-07-12T23:15:39.483Z] > command requires scopes: ["email","openid","https://www.googleapis.com/auth/cloudplatformprojects.readonly","https://www.googleapis.com/auth/firebase","https://www.googleapis.com/auth/cloud-platform"]
[debug] [2022-07-12T23:15:39.501Z] > authorizing via signed-in user (shivammpanchal@gmail.com)
[debug] [2022-07-12T23:15:39.502Z] [iam] checking project clone-45b68 for permissions ["cloudfunctions.functions.create","cloudfunctions.functions.delete","cloudfunctions.functions.get","cloudfunctions.functions.list","cloudfunctions.functions.update","cloudfunctions.operations.get","firebase.projects.get"]
[debug] [2022-07-12T23:15:39.519Z] > refreshing access token with scopes: []
[debug] [2022-07-12T23:15:39.527Z] >>> [apiv2][query] POST https://www.googleapis.com/oauth2/v3/token [none]
[debug] [2022-07-12T23:15:39.529Z] >>> [apiv2][body] POST https://www.googleapis.com/oauth2/v3/token [omitted]
[debug] [2022-07-12T23:15:40.194Z] <<< [apiv2][status] POST https://www.googleapis.com/oauth2/v3/token 200
[debug] [2022-07-12T23:15:40.196Z] <<< [apiv2][body] POST https://www.googleapis.com/oauth2/v3/token [omitted]
[debug] [2022-07-12T23:15:40.290Z] >>> [apiv2][query] POST https://cloudresourcemanager.googleapis.com/v1/projects/clone-45b68:testIamPermissions [none]
[debug] [2022-07-12T23:15:40.290Z] >>> [apiv2][body] POST https://cloudresourcemanager.googleapis.com/v1/projects/clone-45b68:testIamPermissions {"permissions":["cloudfunctions.functions.create","cloudfunctions.functions.delete","cloudfunctions.functions.get","cloudfunctions.functions.list","cloudfunctions.functions.update","cloudfunctions.operations.get","firebase.projects.get"]}
[debug] [2022-07-12T23:15:40.852Z] <<< [apiv2][status] POST https://cloudresourcemanager.googleapis.com/v1/projects/clone-45b68:testIamPermissions 200
[debug] [2022-07-12T23:15:40.852Z] <<< [apiv2][body] POST https://cloudresourcemanager.googleapis.com/v1/projects/clone-45b68:testIamPermissions {"permissions":["cloudfunctions.functions.create","cloudfunctions.functions.delete","cloudfunctions.functions.get","cloudfunctions.functions.list","cloudfunctions.functions.update","cloudfunctions.operations.get","firebase.projects.get"]}
[debug] [2022-07-12T23:15:40.855Z] >>> [apiv2][query] POST https://iam.googleapis.com/v1/projects/clone-45b68/serviceAccounts/clone-45b68@appspot.gserviceaccount.com:testIamPermissions [none]
[debug] [2022-07-12T23:15:40.855Z] >>> [apiv2][body] POST https://iam.googleapis.com/v1/projects/clone-45b68/serviceAccounts/clone-45b68@appspot.gserviceaccount.com:testIamPermissions {"permissions":["iam.serviceAccounts.actAs"]}
[debug] [2022-07-12T23:15:41.382Z] <<< [apiv2][status] POST https://iam.googleapis.com/v1/projects/clone-45b68/serviceAccounts/clone-45b68@appspot.gserviceaccount.com:testIamPermissions 200
[debug] [2022-07-12T23:15:41.383Z] <<< [apiv2][body] POST https://iam.googleapis.com/v1/projects/clone-45b68/serviceAccounts/clone-45b68@appspot.gserviceaccount.com:testIamPermissions {"permissions":["iam.serviceAccounts.actAs"]}
[info] 
[info] === Deploying to 'clone-45b68'...
[info] 
[info] i  deploying functions 
[info] Running command: npm --prefix "$RESOURCE_DIR" run lint
[info] +  functions: Finished running predeploy script. 
[debug] [2022-07-12T23:16:09.425Z] >>> [apiv2][query] GET https://firebase.googleapis.com/v1beta1/projects/clone-45b68 [none]
[debug] [2022-07-12T23:16:10.176Z] <<< [apiv2][status] GET https://firebase.googleapis.com/v1beta1/projects/clone-45b68 200
[debug] [2022-07-12T23:16:10.176Z] <<< [apiv2][body] GET https://firebase.googleapis.com/v1beta1/projects/clone-45b68 {"projectId":"clone-45b68","projectNumber":"41477140349","displayName":"amazon-clone","name":"projects/clone-45b68","resources":{"hostingSite":"clone-45b68","storageBucket":"clone-45b68.appspot.com","locationId":"us-central"},"state":"ACTIVE"}
[info] i  functions: ensuring required API cloudfunctions.googleapis.com is enabled... 
[info] i  functions: ensuring required API cloudbuild.googleapis.com is enabled... 
[info] i  artifactregistry: ensuring required API artifactregistry.googleapis.com is enabled... 
[debug] [2022-07-12T23:16:10.188Z] >>> [apiv2][query] GET https://serviceusage.googleapis.com/v1/projects/clone-45b68/services/cloudfunctions.googleapis.com [none]
[debug] [2022-07-12T23:16:10.194Z] >>> [apiv2][query] GET https://serviceusage.googleapis.com/v1/projects/clone-45b68/services/runtimeconfig.googleapis.com [none]
[debug] [2022-07-12T23:16:10.197Z] >>> [apiv2][query] GET https://serviceusage.googleapis.com/v1/projects/clone-45b68/services/cloudbuild.googleapis.com [none]
[debug] [2022-07-12T23:16:10.200Z] >>> [apiv2][query] GET https://serviceusage.googleapis.com/v1/projects/clone-45b68/services/artifactregistry.googleapis.com [none]
[debug] [2022-07-12T23:16:10.898Z] <<< [apiv2][status] GET https://serviceusage.googleapis.com/v1/projects/clone-45b68/services/cloudfunctions.googleapis.com 200
[debug] [2022-07-12T23:16:10.898Z] <<< [apiv2][body] GET https://serviceusage.googleapis.com/v1/projects/clone-45b68/services/cloudfunctions.googleapis.com [omitted]
[info] +  functions: required API cloudfunctions.googleapis.com is enabled 
[debug] [2022-07-12T23:16:10.906Z] <<< [apiv2][status] GET https://serviceusage.googleapis.com/v1/projects/clone-45b68/services/cloudbuild.googleapis.com 200
[debug] [2022-07-12T23:16:10.907Z] <<< [apiv2][body] GET https://serviceusage.googleapis.com/v1/projects/clone-45b68/services/cloudbuild.googleapis.com [omitted]
[info] +  functions: required API cloudbuild.googleapis.com is enabled 
[debug] [2022-07-12T23:16:10.934Z] <<< [apiv2][status] GET https://serviceusage.googleapis.com/v1/projects/clone-45b68/services/runtimeconfig.googleapis.com 200
[debug] [2022-07-12T23:16:10.936Z] <<< [apiv2][body] GET https://serviceusage.googleapis.com/v1/projects/clone-45b68/services/runtimeconfig.googleapis.com [omitted]
[debug] [2022-07-12T23:16:10.943Z] <<< [apiv2][status] GET https://serviceusage.googleapis.com/v1/projects/clone-45b68/services/artifactregistry.googleapis.com 200
[debug] [2022-07-12T23:16:10.943Z] <<< [apiv2][body] GET https://serviceusage.googleapis.com/v1/projects/clone-45b68/services/artifactregistry.googleapis.com [omitted]
[info] +  artifactregistry: required API artifactregistry.googleapis.com is enabled 
[debug] [2022-07-12T23:16:10.949Z] >>> [apiv2][query] GET https://firebase.googleapis.com/v1beta1/projects/clone-45b68/adminSdkConfig [none]
[debug] [2022-07-12T23:16:11.227Z] <<< [apiv2][status] GET https://firebase.googleapis.com/v1beta1/projects/clone-45b68/adminSdkConfig 200
[debug] [2022-07-12T23:16:11.227Z] <<< [apiv2][body] GET https://firebase.googleapis.com/v1beta1/projects/clone-45b68/adminSdkConfig {"projectId":"clone-45b68","storageBucket":"clone-45b68.appspot.com","locationId":"us-central"}
[debug] [2022-07-12T23:16:11.229Z] >>> [apiv2][query] GET https://runtimeconfig.googleapis.com/v1beta1/projects/clone-45b68/configs [none]
[debug] [2022-07-12T23:16:11.745Z] <<< [apiv2][status] GET https://runtimeconfig.googleapis.com/v1beta1/projects/clone-45b68/configs 200
[debug] [2022-07-12T23:16:11.745Z] <<< [apiv2][body] GET https://runtimeconfig.googleapis.com/v1beta1/projects/clone-45b68/configs {}
[info] i  functions: preparing codebase default for deployment 
[debug] [2022-07-12T23:16:11.754Z] Validating nodejs source
[debug] [2022-07-12T23:16:43.664Z] > [functions] package.json contents: {
  "name": "functions",
  "description": "Cloud Functions for Firebase",
  "scripts": {
    "lint": "eslint .",
    "serve": "firebase emulators:start --only functions",
    "shell": "firebase functions:shell",
    "start": "npm run shell",
    "deploy": "firebase deploy --only functions",
    "logs": "firebase functions:log"
  },
  "engines": {
    "node": "16"
  },
  "main": "index.js",
  "dependencies": {
    "firebase-admin": "^10.0.2",
    "firebase-functions": "^3.18.0"
  },
  "devDependencies": {
    "eslint": "^8.9.0",
    "eslint-config-google": "^0.14.0",
    "firebase-functions-test": "^0.2.0"
  },
  "private": true
}
[debug] [2022-07-12T23:16:43.666Z] Building nodejs source
[debug] [2022-07-12T23:16:43.673Z] Could not find functions.yaml. Must use http discovery
[debug] [2022-07-12T23:16:46.233Z] Serving at port 9005

[debug] [2022-07-12T23:16:48.176Z] Got response from /__/functions.yaml {"endpoints":{"api":{"platform":"gcfv1","httpsTrigger":{},"entryPoint":"api"}},"specVersion":"v1alpha1","requiredAPIs":[]}
[debug] [2022-07-12T23:16:48.239Z] shutdown requested via /__/quitquitquit

[info] i  functions: preparing functions directory for uploading... 
[info] i  functions: packaged F:\Programming\Projects\Amazon Clone\amazon-clone\functions (36.65 KB) for uploading 
[debug] [2022-07-12T23:16:48.716Z] >>> [apiv2][query] GET https://cloudfunctions.googleapis.com/v1/projects/clone-45b68/locations/-/functions [none]
[debug] [2022-07-12T23:16:49.618Z] <<< [apiv2][status] GET https://cloudfunctions.googleapis.com/v1/projects/clone-45b68/locations/-/functions 200
[debug] [2022-07-12T23:16:49.619Z] <<< [apiv2][body] GET https://cloudfunctions.googleapis.com/v1/projects/clone-45b68/locations/-/functions {"functions":[{"name":"projects/clone-45b68/locations/us-central1/functions/api","httpsTrigger":{"url":"https://us-central1-clone-45b68.cloudfunctions.net/api","securityLevel":"SECURE_ALWAYS"},"status":"OFFLINE","entryPoint":"api","timeout":"60s","availableMemoryMb":256,"serviceAccountEmail":"clone-45b68@appspot.gserviceaccount.com","updateTime":"2022-07-12T15:29:17.429Z","versionId":"7","labels":{"deployment-tool":"cli-firebase"},"sourceUploadUrl":"https://storage.googleapis.com/uploads-727333851752.us-central1.cloudfunctions.appspot.com/397ce19d-7bc5-4c86-8d23-2096686ab5eb.zip","environmentVariables":{"FIREBASE_CONFIG":"{\"projectId\":\"clone-45b68\",\"storageBucket\":\"clone-45b68.appspot.com\",\"locationId\":\"us-central\"}","GCLOUD_PROJECT":"clone-45b68"},"runtime":"nodejs16","ingressSettings":"ALLOW_ALL","buildId":"5f6dd4fa-d45d-41e0-8123-c263cc137b69","buildName":"projects/41477140349/locations/us-central1/builds/5f6dd4fa-d45d-41e0-8123-c263cc137b69","dockerRegistry":"ARTIFACT_REGISTRY"}]}
[debug] [2022-07-12T23:16:49.622Z] >>> [apiv2][query] GET https://cloudfunctions.googleapis.com/v2alpha/projects/clone-45b68/locations/-/functions [none]
[debug] [2022-07-12T23:16:50.199Z] <<< [apiv2][status] GET https://cloudfunctions.googleapis.com/v2alpha/projects/clone-45b68/locations/-/functions 200
[debug] [2022-07-12T23:16:50.200Z] <<< [apiv2][body] GET https://cloudfunctions.googleapis.com/v2alpha/projects/clone-45b68/locations/-/functions {}
[debug] [2022-07-12T23:16:50.229Z] >>> [apiv2][query] GET https://firebase.googleapis.com/v1beta1/projects/clone-45b68 [none]
[debug] [2022-07-12T23:16:50.560Z] <<< [apiv2][status] GET https://firebase.googleapis.com/v1beta1/projects/clone-45b68 200
[debug] [2022-07-12T23:16:50.561Z] <<< [apiv2][body] GET https://firebase.googleapis.com/v1beta1/projects/clone-45b68 {"projectId":"clone-45b68","projectNumber":"41477140349","displayName":"amazon-clone","name":"projects/clone-45b68","resources":{"hostingSite":"clone-45b68","storageBucket":"clone-45b68.appspot.com","locationId":"us-central"},"state":"ACTIVE"}
[debug] [2022-07-12T23:16:50.565Z] >>> [apiv2][query] POST https://cloudfunctions.googleapis.com/v1/projects/clone-45b68/locations/us-central1/functions:generateUploadUrl [none]
[debug] [2022-07-12T23:16:50.565Z] >>> [apiv2][body] POST https://cloudfunctions.googleapis.com/v1/projects/clone-45b68/locations/us-central1/functions:generateUploadUrl {}
[debug] [2022-07-12T23:16:51.135Z] <<< [apiv2][status] POST https://cloudfunctions.googleapis.com/v1/projects/clone-45b68/locations/us-central1/functions:generateUploadUrl 200
[debug] [2022-07-12T23:16:51.136Z] <<< [apiv2][body] POST https://cloudfunctions.googleapis.com/v1/projects/clone-45b68/locations/us-central1/functions:generateUploadUrl {"uploadUrl":"https://storage.googleapis.com/uploads-727333851752.us-central1.cloudfunctions.appspot.com/0e891584-9a74-465b-87de-4c78e0828165.zip?GoogleAccessId=service-41477140349@gcf-admin-robot.iam.gserviceaccount.com&Expires=1657669703&Signature=IgctKAkMJ%2Bs7HUFOmoffM5upGLYrE6eH9w%2FH1vRzGxNyx14Pj2vuotDCWthX6w78EFAiqHa1YNnNtdCHCgzeS7NNVApkKYMg8WX3Ji4wT3elkZ06kHUKzUKuMLtgUgYd7KJRmvoXI8SHIDZYWBH2GdP0goJGB%2Beau9ZqhQWV3KwMZpoGmMYe3X7uWrh0lKyiSHM2F6qd8EZ%2FXfhzewo15yi9YDY1GSx44YfWz0uAi%2FdQSe1zlq3y%2FCy%2B3UUsVQQmi6TQi%2BwvuqHHdiaW2Vg%2BimN%2BzKxx3U9KMCN%2BitCUPZ6k8B%2BJgicwz8tCyly9j7dmz1DFAUKXvl%2FFHQmV0n3C7g%3D%3D"}
[debug] [2022-07-12T23:16:51.140Z] >>> [apiv2][query] PUT https://storage.googleapis.com/uploads-727333851752.us-central1.cloudfunctions.appspot.com/0e891584-9a74-465b-87de-4c78e0828165.zip GoogleAccessId=service-41477140349%40gcf-admin-robot.iam.gserviceaccount.com&Expires=1657669703&Signature=IgctKAkMJ%2Bs7HUFOmoffM5upGLYrE6eH9w%2FH1vRzGxNyx14Pj2vuotDCWthX6w78EFAiqHa1YNnNtdCHCgzeS7NNVApkKYMg8WX3Ji4wT3elkZ06kHUKzUKuMLtgUgYd7KJRmvoXI8SHIDZYWBH2GdP0goJGB%2Beau9ZqhQWV3KwMZpoGmMYe3X7uWrh0lKyiSHM2F6qd8EZ%2FXfhzewo15yi9YDY1GSx44YfWz0uAi%2FdQSe1zlq3y%2FCy%2B3UUsVQQmi6TQi%2BwvuqHHdiaW2Vg%2BimN%2BzKxx3U9KMCN%2BitCUPZ6k8B%2BJgicwz8tCyly9j7dmz1DFAUKXvl%2FFHQmV0n3C7g%3D%3D
[debug] [2022-07-12T23:16:51.140Z] >>> [apiv2][body] PUT https://storage.googleapis.com/uploads-727333851752.us-central1.cloudfunctions.appspot.com/0e891584-9a74-465b-87de-4c78e0828165.zip [stream]
[debug] [2022-07-12T23:16:51.519Z] <<< [apiv2][status] PUT https://storage.googleapis.com/uploads-727333851752.us-central1.cloudfunctions.appspot.com/0e891584-9a74-465b-87de-4c78e0828165.zip 200
[debug] [2022-07-12T23:16:51.520Z] <<< [apiv2][body] PUT https://storage.googleapis.com/uploads-727333851752.us-central1.cloudfunctions.appspot.com/0e891584-9a74-465b-87de-4c78e0828165.zip [omitted]
[info] +  functions: functions folder uploaded successfully 
[info] i  functions: updating Node.js 16 function api(us-central1)... 
[debug] [2022-07-12T23:16:51.540Z] >>> [apiv2][query] PATCH https://cloudfunctions.googleapis.com/v1/projects/clone-45b68/locations/us-central1/functions/api updateMask=name%2CsourceUploadUrl%2CentryPoint%2Cruntime%2CdockerRegistry%2Clabels%2ChttpsTrigger.securityLevel%2CavailableMemoryMb%2CenvironmentVariables%2Ctimeout%2CsourceToken
[debug] [2022-07-12T23:16:51.540Z] >>> [apiv2][body] PATCH https://cloudfunctions.googleapis.com/v1/projects/clone-45b68/locations/us-central1/functions/api {"name":"projects/clone-45b68/locations/us-central1/functions/api","sourceUploadUrl":"https://storage.googleapis.com/uploads-727333851752.us-central1.cloudfunctions.appspot.com/0e891584-9a74-465b-87de-4c78e0828165.zip?GoogleAccessId=service-41477140349@gcf-admin-robot.iam.gserviceaccount.com&Expires=1657669703&Signature=IgctKAkMJ%2Bs7HUFOmoffM5upGLYrE6eH9w%2FH1vRzGxNyx14Pj2vuotDCWthX6w78EFAiqHa1YNnNtdCHCgzeS7NNVApkKYMg8WX3Ji4wT3elkZ06kHUKzUKuMLtgUgYd7KJRmvoXI8SHIDZYWBH2GdP0goJGB%2Beau9ZqhQWV3KwMZpoGmMYe3X7uWrh0lKyiSHM2F6qd8EZ%2FXfhzewo15yi9YDY1GSx44YfWz0uAi%2FdQSe1zlq3y%2FCy%2B3UUsVQQmi6TQi%2BwvuqHHdiaW2Vg%2BimN%2BzKxx3U9KMCN%2BitCUPZ6k8B%2BJgicwz8tCyly9j7dmz1DFAUKXvl%2FFHQmV0n3C7g%3D%3D","entryPoint":"api","runtime":"nodejs16","dockerRegistry":"ARTIFACT_REGISTRY","labels":{"deployment-tool":"cli-firebase"},"httpsTrigger":{"securityLevel":"SECURE_ALWAYS"},"availableMemoryMb":256,"environmentVariables":{"FIREBASE_CONFIG":"{\"projectId\":\"clone-45b68\",\"storageBucket\":\"clone-45b68.appspot.com\",\"locationId\":\"us-central\"}","GCLOUD_PROJECT":"clone-45b68"},"timeout":"60s"}
[debug] [2022-07-12T23:16:52.060Z] <<< [apiv2][status] PATCH https://cloudfunctions.googleapis.com/v1/projects/clone-45b68/locations/us-central1/functions/api 200
[debug] [2022-07-12T23:16:52.060Z] <<< [apiv2][body] PATCH https://cloudfunctions.googleapis.com/v1/projects/clone-45b68/locations/us-central1/functions/api {"name":"operations/Y2xvbmUtNDViNjgvdXMtY2VudHJhbDEvYXBpL1oxbmlDV0draWNj","metadata":{"@type":"type.googleapis.com/google.cloud.functions.v1.OperationMetadataV1","target":"projects/clone-45b68/locations/us-central1/functions/api","type":"UPDATE_FUNCTION","request":{"@type":"type.googleapis.com/google.cloud.functions.v1.CloudFunction","name":"projects/clone-45b68/locations/us-central1/functions/api","httpsTrigger":{"url":"https://us-central1-clone-45b68.cloudfunctions.net/api","securityLevel":"SECURE_ALWAYS"},"status":"OFFLINE","entryPoint":"api","timeout":"60s","availableMemoryMb":256,"serviceAccountEmail":"clone-45b68@appspot.gserviceaccount.com","updateTime":"2022-07-12T15:29:17.429Z","versionId":"7","labels":{"deployment-tool":"cli-firebase"},"sourceUploadUrl":"https://storage.googleapis.com/uploads-727333851752.us-central1.cloudfunctions.appspot.com/0e891584-9a74-465b-87de-4c78e0828165.zip?GoogleAccessId=service-41477140349@gcf-admin-robot.iam.gserviceaccount.com&Expires=1657669703&Signature=IgctKAkMJ%2Bs7HUFOmoffM5upGLYrE6eH9w%2FH1vRzGxNyx14Pj2vuotDCWthX6w78EFAiqHa1YNnNtdCHCgzeS7NNVApkKYMg8WX3Ji4wT3elkZ06kHUKzUKuMLtgUgYd7KJRmvoXI8SHIDZYWBH2GdP0goJGB%2Beau9ZqhQWV3KwMZpoGmMYe3X7uWrh0lKyiSHM2F6qd8EZ%2FXfhzewo15yi9YDY1GSx44YfWz0uAi%2FdQSe1zlq3y%2FCy%2B3UUsVQQmi6TQi%2BwvuqHHdiaW2Vg%2BimN%2BzKxx3U9KMCN%2BitCUPZ6k8B%2BJgicwz8tCyly9j7dmz1DFAUKXvl%2FFHQmV0n3C7g%3D%3D","environmentVariables":{"FIREBASE_CONFIG":"{\"projectId\":\"clone-45b68\",\"storageBucket\":\"clone-45b68.appspot.com\",\"locationId\":\"us-central\"}","GCLOUD_PROJECT":"clone-45b68"},"runtime":"nodejs16","ingressSettings":"ALLOW_ALL","buildId":"5f6dd4fa-d45d-41e0-8123-c263cc137b69","buildName":"projects/41477140349/locations/us-central1/builds/5f6dd4fa-d45d-41e0-8123-c263cc137b69","dockerRegistry":"ARTIFACT_REGISTRY"},"versionId":"8","updateTime":"2022-07-12T23:18:24Z"}}
[debug] [2022-07-12T23:16:52.063Z] >>> [apiv2][query] GET https://cloudfunctions.googleapis.com/v1/operations/Y2xvbmUtNDViNjgvdXMtY2VudHJhbDEvYXBpL1oxbmlDV0draWNj [none]
[debug] [2022-07-12T23:16:52.269Z] <<< [apiv2][status] GET https://cloudfunctions.googleapis.com/v1/operations/Y2xvbmUtNDViNjgvdXMtY2VudHJhbDEvYXBpL1oxbmlDV0draWNj 200
[debug] [2022-07-12T23:16:52.269Z] <<< [apiv2][body] GET https://cloudfunctions.googleapis.com/v1/operations/Y2xvbmUtNDViNjgvdXMtY2VudHJhbDEvYXBpL1oxbmlDV0draWNj {"name":"operations/Y2xvbmUtNDViNjgvdXMtY2VudHJhbDEvYXBpL1oxbmlDV0draWNj","metadata":{"@type":"type.googleapis.com/google.cloud.functions.v1.OperationMetadataV1","target":"projects/clone-45b68/locations/us-central1/functions/api","type":"UPDATE_FUNCTION","request":{"@type":"type.googleapis.com/google.cloud.functions.v1.CloudFunction","name":"projects/clone-45b68/locations/us-central1/functions/api","httpsTrigger":{"url":"https://us-central1-clone-45b68.cloudfunctions.net/api","securityLevel":"SECURE_ALWAYS"},"status":"OFFLINE","entryPoint":"api","timeout":"60s","availableMemoryMb":256,"serviceAccountEmail":"clone-45b68@appspot.gserviceaccount.com","updateTime":"2022-07-12T15:29:17.429Z","versionId":"7","labels":{"deployment-tool":"cli-firebase"},"sourceUploadUrl":"https://storage.googleapis.com/uploads-727333851752.us-central1.cloudfunctions.appspot.com/0e891584-9a74-465b-87de-4c78e0828165.zip?GoogleAccessId=service-41477140349@gcf-admin-robot.iam.gserviceaccount.com&Expires=1657669703&Signature=IgctKAkMJ%2Bs7HUFOmoffM5upGLYrE6eH9w%2FH1vRzGxNyx14Pj2vuotDCWthX6w78EFAiqHa1YNnNtdCHCgzeS7NNVApkKYMg8WX3Ji4wT3elkZ06kHUKzUKuMLtgUgYd7KJRmvoXI8SHIDZYWBH2GdP0goJGB%2Beau9ZqhQWV3KwMZpoGmMYe3X7uWrh0lKyiSHM2F6qd8EZ%2FXfhzewo15yi9YDY1GSx44YfWz0uAi%2FdQSe1zlq3y%2FCy%2B3UUsVQQmi6TQi%2BwvuqHHdiaW2Vg%2BimN%2BzKxx3U9KMCN%2BitCUPZ6k8B%2BJgicwz8tCyly9j7dmz1DFAUKXvl%2FFHQmV0n3C7g%3D%3D","environmentVariables":{"FIREBASE_CONFIG":"{\"projectId\":\"clone-45b68\",\"storageBucket\":\"clone-45b68.appspot.com\",\"locationId\":\"us-central\"}","GCLOUD_PROJECT":"clone-45b68"},"runtime":"nodejs16","ingressSettings":"ALLOW_ALL","buildId":"5f6dd4fa-d45d-41e0-8123-c263cc137b69","buildName":"projects/41477140349/locations/us-central1/builds/5f6dd4fa-d45d-41e0-8123-c263cc137b69","dockerRegistry":"ARTIFACT_REGISTRY"},"versionId":"8","updateTime":"2022-07-12T23:18:24Z"}}
[debug] [2022-07-12T23:16:52.782Z] [update-default-us-central1-api] Retrying task index 0
[debug] [2022-07-12T23:16:52.783Z] >>> [apiv2][query] GET https://cloudfunctions.googleapis.com/v1/operations/Y2xvbmUtNDViNjgvdXMtY2VudHJhbDEvYXBpL1oxbmlDV0draWNj [none]
[debug] [2022-07-12T23:16:53.005Z] <<< [apiv2][status] GET https://cloudfunctions.googleapis.com/v1/operations/Y2xvbmUtNDViNjgvdXMtY2VudHJhbDEvYXBpL1oxbmlDV0draWNj 200
[debug] [2022-07-12T23:16:53.005Z] <<< [apiv2][body] GET https://cloudfunctions.googleapis.com/v1/operations/Y2xvbmUtNDViNjgvdXMtY2VudHJhbDEvYXBpL1oxbmlDV0draWNj {"name":"operations/Y2xvbmUtNDViNjgvdXMtY2VudHJhbDEvYXBpL1oxbmlDV0draWNj","metadata":{"@type":"type.googleapis.com/google.cloud.functions.v1.OperationMetadataV1","target":"projects/clone-45b68/locations/us-central1/functions/api","type":"UPDATE_FUNCTION","request":{"@type":"type.googleapis.com/google.cloud.functions.v1.CloudFunction","name":"projects/clone-45b68/locations/us-central1/functions/api","httpsTrigger":{"url":"https://us-central1-clone-45b68.cloudfunctions.net/api","securityLevel":"SECURE_ALWAYS"},"status":"OFFLINE","entryPoint":"api","timeout":"60s","availableMemoryMb":256,"serviceAccountEmail":"clone-45b68@appspot.gserviceaccount.com","updateTime":"2022-07-12T15:29:17.429Z","versionId":"7","labels":{"deployment-tool":"cli-firebase"},"sourceUploadUrl":"https://storage.googleapis.com/uploads-727333851752.us-central1.cloudfunctions.appspot.com/0e891584-9a74-465b-87de-4c78e0828165.zip?GoogleAccessId=service-41477140349@gcf-admin-robot.iam.gserviceaccount.com&Expires=1657669703&Signature=IgctKAkMJ%2Bs7HUFOmoffM5upGLYrE6eH9w%2FH1vRzGxNyx14Pj2vuotDCWthX6w78EFAiqHa1YNnNtdCHCgzeS7NNVApkKYMg8WX3Ji4wT3elkZ06kHUKzUKuMLtgUgYd7KJRmvoXI8SHIDZYWBH2GdP0goJGB%2Beau9ZqhQWV3KwMZpoGmMYe3X7uWrh0lKyiSHM2F6qd8EZ%2FXfhzewo15yi9YDY1GSx44YfWz0uAi%2FdQSe1zlq3y%2FCy%2B3UUsVQQmi6TQi%2BwvuqHHdiaW2Vg%2BimN%2BzKxx3U9KMCN%2BitCUPZ6k8B%2BJgicwz8tCyly9j7dmz1DFAUKXvl%2FFHQmV0n3C7g%3D%3D","environmentVariables":{"FIREBASE_CONFIG":"{\"projectId\":\"clone-45b68\",\"storageBucket\":\"clone-45b68.appspot.com\",\"locationId\":\"us-central\"}","GCLOUD_PROJECT":"clone-45b68"},"runtime":"nodejs16","ingressSettings":"ALLOW_ALL","buildId":"5f6dd4fa-d45d-41e0-8123-c263cc137b69","buildName":"projects/41477140349/locations/us-central1/builds/5f6dd4fa-d45d-41e0-8123-c263cc137b69","dockerRegistry":"ARTIFACT_REGISTRY"},"versionId":"8","updateTime":"2022-07-12T23:18:24Z","buildId":"52072d3c-d66e-4558-9940-07bce4eb49e6","buildName":"projects/41477140349/locations/us-central1/builds/52072d3c-d66e-4558-9940-07bce4eb49e6"}}
[debug] [2022-07-12T23:16:54.010Z] [update-default-us-central1-api] Retrying task index 0
[debug] [2022-07-12T23:16:54.011Z] >>> [apiv2][query] GET https://cloudfunctions.googleapis.com/v1/operations/Y2xvbmUtNDViNjgvdXMtY2VudHJhbDEvYXBpL1oxbmlDV0draWNj [none]
[debug] [2022-07-12T23:16:54.212Z] <<< [apiv2][status] GET https://cloudfunctions.googleapis.com/v1/operations/Y2xvbmUtNDViNjgvdXMtY2VudHJhbDEvYXBpL1oxbmlDV0draWNj 200
[debug] [2022-07-12T23:16:54.212Z] <<< [apiv2][body] GET https://cloudfunctions.googleapis.com/v1/operations/Y2xvbmUtNDViNjgvdXMtY2VudHJhbDEvYXBpL1oxbmlDV0draWNj {"name":"operations/Y2xvbmUtNDViNjgvdXMtY2VudHJhbDEvYXBpL1oxbmlDV0draWNj","metadata":{"@type":"type.googleapis.com/google.cloud.functions.v1.OperationMetadataV1","target":"projects/clone-45b68/locations/us-central1/functions/api","type":"UPDATE_FUNCTION","request":{"@type":"type.googleapis.com/google.cloud.functions.v1.CloudFunction","name":"projects/clone-45b68/locations/us-central1/functions/api","httpsTrigger":{"url":"https://us-central1-clone-45b68.cloudfunctions.net/api","securityLevel":"SECURE_ALWAYS"},"status":"OFFLINE","entryPoint":"api","timeout":"60s","availableMemoryMb":256,"serviceAccountEmail":"clone-45b68@appspot.gserviceaccount.com","updateTime":"2022-07-12T15:29:17.429Z","versionId":"7","labels":{"deployment-tool":"cli-firebase"},"sourceUploadUrl":"https://storage.googleapis.com/uploads-727333851752.us-central1.cloudfunctions.appspot.com/0e891584-9a74-465b-87de-4c78e0828165.zip?GoogleAccessId=service-41477140349@gcf-admin-robot.iam.gserviceaccount.com&Expires=1657669703&Signature=IgctKAkMJ%2Bs7HUFOmoffM5upGLYrE6eH9w%2FH1vRzGxNyx14Pj2vuotDCWthX6w78EFAiqHa1YNnNtdCHCgzeS7NNVApkKYMg8WX3Ji4wT3elkZ06kHUKzUKuMLtgUgYd7KJRmvoXI8SHIDZYWBH2GdP0goJGB%2Beau9ZqhQWV3KwMZpoGmMYe3X7uWrh0lKyiSHM2F6qd8EZ%2FXfhzewo15yi9YDY1GSx44YfWz0uAi%2FdQSe1zlq3y%2FCy%2B3UUsVQQmi6TQi%2BwvuqHHdiaW2Vg%2BimN%2BzKxx3U9KMCN%2BitCUPZ6k8B%2BJgicwz8tCyly9j7dmz1DFAUKXvl%2FFHQmV0n3C7g%3D%3D","environmentVariables":{"FIREBASE_CONFIG":"{\"projectId\":\"clone-45b68\",\"storageBucket\":\"clone-45b68.appspot.com\",\"locationId\":\"us-central\"}","GCLOUD_PROJECT":"clone-45b68"},"runtime":"nodejs16","ingressSettings":"ALLOW_ALL","buildId":"5f6dd4fa-d45d-41e0-8123-c263cc137b69","buildName":"projects/41477140349/locations/us-central1/builds/5f6dd4fa-d45d-41e0-8123-c263cc137b69","dockerRegistry":"ARTIFACT_REGISTRY"},"versionId":"8","updateTime":"2022-07-12T23:18:24Z","buildId":"52072d3c-d66e-4558-9940-07bce4eb49e6","buildName":"projects/41477140349/locations/us-central1/builds/52072d3c-d66e-4558-9940-07bce4eb49e6"}}
[debug] [2022-07-12T23:16:56.220Z] [update-default-us-central1-api] Retrying task index 0
[debug] [2022-07-12T23:16:56.222Z] >>> [apiv2][query] GET https://cloudfunctions.googleapis.com/v1/operations/Y2xvbmUtNDViNjgvdXMtY2VudHJhbDEvYXBpL1oxbmlDV0draWNj [none]
[debug] [2022-07-12T23:16:56.505Z] <<< [apiv2][status] GET https://cloudfunctions.googleapis.com/v1/operations/Y2xvbmUtNDViNjgvdXMtY2VudHJhbDEvYXBpL1oxbmlDV0draWNj 200
[debug] [2022-07-12T23:16:56.506Z] <<< [apiv2][body] GET https://cloudfunctions.googleapis.com/v1/operations/Y2xvbmUtNDViNjgvdXMtY2VudHJhbDEvYXBpL1oxbmlDV0draWNj {"name":"operations/Y2xvbmUtNDViNjgvdXMtY2VudHJhbDEvYXBpL1oxbmlDV0draWNj","metadata":{"@type":"type.googleapis.com/google.cloud.functions.v1.OperationMetadataV1","target":"projects/clone-45b68/locations/us-central1/functions/api","type":"UPDATE_FUNCTION","request":{"@type":"type.googleapis.com/google.cloud.functions.v1.CloudFunction","name":"projects/clone-45b68/locations/us-central1/functions/api","httpsTrigger":{"url":"https://us-central1-clone-45b68.cloudfunctions.net/api","securityLevel":"SECURE_ALWAYS"},"status":"OFFLINE","entryPoint":"api","timeout":"60s","availableMemoryMb":256,"serviceAccountEmail":"clone-45b68@appspot.gserviceaccount.com","updateTime":"2022-07-12T15:29:17.429Z","versionId":"7","labels":{"deployment-tool":"cli-firebase"},"sourceUploadUrl":"https://storage.googleapis.com/uploads-727333851752.us-central1.cloudfunctions.appspot.com/0e891584-9a74-465b-87de-4c78e0828165.zip?GoogleAccessId=service-41477140349@gcf-admin-robot.iam.gserviceaccount.com&Expires=1657669703&Signature=IgctKAkMJ%2Bs7HUFOmoffM5upGLYrE6eH9w%2FH1vRzGxNyx14Pj2vuotDCWthX6w78EFAiqHa1YNnNtdCHCgzeS7NNVApkKYMg8WX3Ji4wT3elkZ06kHUKzUKuMLtgUgYd7KJRmvoXI8SHIDZYWBH2GdP0goJGB%2Beau9ZqhQWV3KwMZpoGmMYe3X7uWrh0lKyiSHM2F6qd8EZ%2FXfhzewo15yi9YDY1GSx44YfWz0uAi%2FdQSe1zlq3y%2FCy%2B3UUsVQQmi6TQi%2BwvuqHHdiaW2Vg%2BimN%2BzKxx3U9KMCN%2BitCUPZ6k8B%2BJgicwz8tCyly9j7dmz1DFAUKXvl%2FFHQmV0n3C7g%3D%3D","environmentVariables":{"FIREBASE_CONFIG":"{\"projectId\":\"clone-45b68\",\"storageBucket\":\"clone-45b68.appspot.com\",\"locationId\":\"us-central\"}","GCLOUD_PROJECT":"clone-45b68"},"runtime":"nodejs16","ingressSettings":"ALLOW_ALL","buildId":"5f6dd4fa-d45d-41e0-8123-c263cc137b69","buildName":"projects/41477140349/locations/us-central1/builds/5f6dd4fa-d45d-41e0-8123-c263cc137b69","dockerRegistry":"ARTIFACT_REGISTRY"},"versionId":"8","updateTime":"2022-07-12T23:18:24Z","buildId":"52072d3c-d66e-4558-9940-07bce4eb49e6","buildName":"projects/41477140349/locations/us-central1/builds/52072d3c-d66e-4558-9940-07bce4eb49e6"}}
[debug] [2022-07-12T23:17:00.510Z] [update-default-us-central1-api] Retrying task index 0
[debug] [2022-07-12T23:17:00.511Z] >>> [apiv2][query] GET https://cloudfunctions.googleapis.com/v1/operations/Y2xvbmUtNDViNjgvdXMtY2VudHJhbDEvYXBpL1oxbmlDV0draWNj [none]
[debug] [2022-07-12T23:17:00.790Z] <<< [apiv2][status] GET https://cloudfunctions.googleapis.com/v1/operations/Y2xvbmUtNDViNjgvdXMtY2VudHJhbDEvYXBpL1oxbmlDV0draWNj 200
[debug] [2022-07-12T23:17:00.791Z] <<< [apiv2][body] GET https://cloudfunctions.googleapis.com/v1/operations/Y2xvbmUtNDViNjgvdXMtY2VudHJhbDEvYXBpL1oxbmlDV0draWNj {"name":"operations/Y2xvbmUtNDViNjgvdXMtY2VudHJhbDEvYXBpL1oxbmlDV0draWNj","metadata":{"@type":"type.googleapis.com/google.cloud.functions.v1.OperationMetadataV1","target":"projects/clone-45b68/locations/us-central1/functions/api","type":"UPDATE_FUNCTION","request":{"@type":"type.googleapis.com/google.cloud.functions.v1.CloudFunction","name":"projects/clone-45b68/locations/us-central1/functions/api","httpsTrigger":{"url":"https://us-central1-clone-45b68.cloudfunctions.net/api","securityLevel":"SECURE_ALWAYS"},"status":"OFFLINE","entryPoint":"api","timeout":"60s","availableMemoryMb":256,"serviceAccountEmail":"clone-45b68@appspot.gserviceaccount.com","updateTime":"2022-07-12T15:29:17.429Z","versionId":"7","labels":{"deployment-tool":"cli-firebase"},"sourceUploadUrl":"https://storage.googleapis.com/uploads-727333851752.us-central1.cloudfunctions.appspot.com/0e891584-9a74-465b-87de-4c78e0828165.zip?GoogleAccessId=service-41477140349@gcf-admin-robot.iam.gserviceaccount.com&Expires=1657669703&Signature=IgctKAkMJ%2Bs7HUFOmoffM5upGLYrE6eH9w%2FH1vRzGxNyx14Pj2vuotDCWthX6w78EFAiqHa1YNnNtdCHCgzeS7NNVApkKYMg8WX3Ji4wT3elkZ06kHUKzUKuMLtgUgYd7KJRmvoXI8SHIDZYWBH2GdP0goJGB%2Beau9ZqhQWV3KwMZpoGmMYe3X7uWrh0lKyiSHM2F6qd8EZ%2FXfhzewo15yi9YDY1GSx44YfWz0uAi%2FdQSe1zlq3y%2FCy%2B3UUsVQQmi6TQi%2BwvuqHHdiaW2Vg%2BimN%2BzKxx3U9KMCN%2BitCUPZ6k8B%2BJgicwz8tCyly9j7dmz1DFAUKXvl%2FFHQmV0n3C7g%3D%3D","environmentVariables":{"FIREBASE_CONFIG":"{\"projectId\":\"clone-45b68\",\"storageBucket\":\"clone-45b68.appspot.com\",\"locationId\":\"us-central\"}","GCLOUD_PROJECT":"clone-45b68"},"runtime":"nodejs16","ingressSettings":"ALLOW_ALL","buildId":"5f6dd4fa-d45d-41e0-8123-c263cc137b69","buildName":"projects/41477140349/locations/us-central1/builds/5f6dd4fa-d45d-41e0-8123-c263cc137b69","dockerRegistry":"ARTIFACT_REGISTRY"},"versionId":"8","updateTime":"2022-07-12T23:18:24Z","buildId":"52072d3c-d66e-4558-9940-07bce4eb49e6","buildName":"projects/41477140349/locations/us-central1/builds/52072d3c-d66e-4558-9940-07bce4eb49e6"}}
[debug] [2022-07-12T23:17:08.791Z] [update-default-us-central1-api] Retrying task index 0
[debug] [2022-07-12T23:17:08.792Z] >>> [apiv2][query] GET https://cloudfunctions.googleapis.com/v1/operations/Y2xvbmUtNDViNjgvdXMtY2VudHJhbDEvYXBpL1oxbmlDV0draWNj [none]
[debug] [2022-07-12T23:17:09.126Z] <<< [apiv2][status] GET https://cloudfunctions.googleapis.com/v1/operations/Y2xvbmUtNDViNjgvdXMtY2VudHJhbDEvYXBpL1oxbmlDV0draWNj 200
[debug] [2022-07-12T23:17:09.126Z] <<< [apiv2][body] GET https://cloudfunctions.googleapis.com/v1/operations/Y2xvbmUtNDViNjgvdXMtY2VudHJhbDEvYXBpL1oxbmlDV0draWNj {"name":"operations/Y2xvbmUtNDViNjgvdXMtY2VudHJhbDEvYXBpL1oxbmlDV0draWNj","metadata":{"@type":"type.googleapis.com/google.cloud.functions.v1.OperationMetadataV1","target":"projects/clone-45b68/locations/us-central1/functions/api","type":"UPDATE_FUNCTION","request":{"@type":"type.googleapis.com/google.cloud.functions.v1.CloudFunction","name":"projects/clone-45b68/locations/us-central1/functions/api","httpsTrigger":{"url":"https://us-central1-clone-45b68.cloudfunctions.net/api","securityLevel":"SECURE_ALWAYS"},"status":"OFFLINE","entryPoint":"api","timeout":"60s","availableMemoryMb":256,"serviceAccountEmail":"clone-45b68@appspot.gserviceaccount.com","updateTime":"2022-07-12T15:29:17.429Z","versionId":"7","labels":{"deployment-tool":"cli-firebase"},"sourceUploadUrl":"https://storage.googleapis.com/uploads-727333851752.us-central1.cloudfunctions.appspot.com/0e891584-9a74-465b-87de-4c78e0828165.zip?GoogleAccessId=service-41477140349@gcf-admin-robot.iam.gserviceaccount.com&Expires=1657669703&Signature=IgctKAkMJ%2Bs7HUFOmoffM5upGLYrE6eH9w%2FH1vRzGxNyx14Pj2vuotDCWthX6w78EFAiqHa1YNnNtdCHCgzeS7NNVApkKYMg8WX3Ji4wT3elkZ06kHUKzUKuMLtgUgYd7KJRmvoXI8SHIDZYWBH2GdP0goJGB%2Beau9ZqhQWV3KwMZpoGmMYe3X7uWrh0lKyiSHM2F6qd8EZ%2FXfhzewo15yi9YDY1GSx44YfWz0uAi%2FdQSe1zlq3y%2FCy%2B3UUsVQQmi6TQi%2BwvuqHHdiaW2Vg%2BimN%2BzKxx3U9KMCN%2BitCUPZ6k8B%2BJgicwz8tCyly9j7dmz1DFAUKXvl%2FFHQmV0n3C7g%3D%3D","environmentVariables":{"FIREBASE_CONFIG":"{\"projectId\":\"clone-45b68\",\"storageBucket\":\"clone-45b68.appspot.com\",\"locationId\":\"us-central\"}","GCLOUD_PROJECT":"clone-45b68"},"runtime":"nodejs16","ingressSettings":"ALLOW_ALL","buildId":"5f6dd4fa-d45d-41e0-8123-c263cc137b69","buildName":"projects/41477140349/locations/us-central1/builds/5f6dd4fa-d45d-41e0-8123-c263cc137b69","dockerRegistry":"ARTIFACT_REGISTRY"},"versionId":"8","updateTime":"2022-07-12T23:18:24Z","buildId":"52072d3c-d66e-4558-9940-07bce4eb49e6","buildName":"projects/41477140349/locations/us-central1/builds/52072d3c-d66e-4558-9940-07bce4eb49e6"}}
[debug] [2022-07-12T23:17:19.130Z] [update-default-us-central1-api] Retrying task index 0
[debug] [2022-07-12T23:17:19.131Z] >>> [apiv2][query] GET https://cloudfunctions.googleapis.com/v1/operations/Y2xvbmUtNDViNjgvdXMtY2VudHJhbDEvYXBpL1oxbmlDV0draWNj [none]
[debug] [2022-07-12T23:17:19.435Z] <<< [apiv2][status] GET https://cloudfunctions.googleapis.com/v1/operations/Y2xvbmUtNDViNjgvdXMtY2VudHJhbDEvYXBpL1oxbmlDV0draWNj 200
[debug] [2022-07-12T23:17:19.436Z] <<< [apiv2][body] GET https://cloudfunctions.googleapis.com/v1/operations/Y2xvbmUtNDViNjgvdXMtY2VudHJhbDEvYXBpL1oxbmlDV0draWNj {"name":"operations/Y2xvbmUtNDViNjgvdXMtY2VudHJhbDEvYXBpL1oxbmlDV0draWNj","metadata":{"@type":"type.googleapis.com/google.cloud.functions.v1.OperationMetadataV1","target":"projects/clone-45b68/locations/us-central1/functions/api","type":"UPDATE_FUNCTION","request":{"@type":"type.googleapis.com/google.cloud.functions.v1.CloudFunction","name":"projects/clone-45b68/locations/us-central1/functions/api","httpsTrigger":{"url":"https://us-central1-clone-45b68.cloudfunctions.net/api","securityLevel":"SECURE_ALWAYS"},"status":"OFFLINE","entryPoint":"api","timeout":"60s","availableMemoryMb":256,"serviceAccountEmail":"clone-45b68@appspot.gserviceaccount.com","updateTime":"2022-07-12T15:29:17.429Z","versionId":"7","labels":{"deployment-tool":"cli-firebase"},"sourceUploadUrl":"https://storage.googleapis.com/uploads-727333851752.us-central1.cloudfunctions.appspot.com/0e891584-9a74-465b-87de-4c78e0828165.zip?GoogleAccessId=service-41477140349@gcf-admin-robot.iam.gserviceaccount.com&Expires=1657669703&Signature=IgctKAkMJ%2Bs7HUFOmoffM5upGLYrE6eH9w%2FH1vRzGxNyx14Pj2vuotDCWthX6w78EFAiqHa1YNnNtdCHCgzeS7NNVApkKYMg8WX3Ji4wT3elkZ06kHUKzUKuMLtgUgYd7KJRmvoXI8SHIDZYWBH2GdP0goJGB%2Beau9ZqhQWV3KwMZpoGmMYe3X7uWrh0lKyiSHM2F6qd8EZ%2FXfhzewo15yi9YDY1GSx44YfWz0uAi%2FdQSe1zlq3y%2FCy%2B3UUsVQQmi6TQi%2BwvuqHHdiaW2Vg%2BimN%2BzKxx3U9KMCN%2BitCUPZ6k8B%2BJgicwz8tCyly9j7dmz1DFAUKXvl%2FFHQmV0n3C7g%3D%3D","environmentVariables":{"FIREBASE_CONFIG":"{\"projectId\":\"clone-45b68\",\"storageBucket\":\"clone-45b68.appspot.com\",\"locationId\":\"us-central\"}","GCLOUD_PROJECT":"clone-45b68"},"runtime":"nodejs16","ingressSettings":"ALLOW_ALL","buildId":"5f6dd4fa-d45d-41e0-8123-c263cc137b69","buildName":"projects/41477140349/locations/us-central1/builds/5f6dd4fa-d45d-41e0-8123-c263cc137b69","dockerRegistry":"ARTIFACT_REGISTRY"},"versionId":"8","updateTime":"2022-07-12T23:18:24Z","buildId":"52072d3c-d66e-4558-9940-07bce4eb49e6","buildName":"projects/41477140349/locations/us-central1/builds/52072d3c-d66e-4558-9940-07bce4eb49e6"}}
[debug] [2022-07-12T23:17:29.439Z] [update-default-us-central1-api] Retrying task index 0
[debug] [2022-07-12T23:17:29.441Z] >>> [apiv2][query] GET https://cloudfunctions.googleapis.com/v1/operations/Y2xvbmUtNDViNjgvdXMtY2VudHJhbDEvYXBpL1oxbmlDV0draWNj [none]
[debug] [2022-07-12T23:17:29.735Z] <<< [apiv2][status] GET https://cloudfunctions.googleapis.com/v1/operations/Y2xvbmUtNDViNjgvdXMtY2VudHJhbDEvYXBpL1oxbmlDV0draWNj 200
[debug] [2022-07-12T23:17:29.736Z] <<< [apiv2][body] GET https://cloudfunctions.googleapis.com/v1/operations/Y2xvbmUtNDViNjgvdXMtY2VudHJhbDEvYXBpL1oxbmlDV0draWNj {"name":"operations/Y2xvbmUtNDViNjgvdXMtY2VudHJhbDEvYXBpL1oxbmlDV0draWNj","metadata":{"@type":"type.googleapis.com/google.cloud.functions.v1.OperationMetadataV1","target":"projects/clone-45b68/locations/us-central1/functions/api","type":"UPDATE_FUNCTION","request":{"@type":"type.googleapis.com/google.cloud.functions.v1.CloudFunction","name":"projects/clone-45b68/locations/us-central1/functions/api","httpsTrigger":{"url":"https://us-central1-clone-45b68.cloudfunctions.net/api","securityLevel":"SECURE_ALWAYS"},"status":"OFFLINE","entryPoint":"api","timeout":"60s","availableMemoryMb":256,"serviceAccountEmail":"clone-45b68@appspot.gserviceaccount.com","updateTime":"2022-07-12T15:29:17.429Z","versionId":"7","labels":{"deployment-tool":"cli-firebase"},"sourceUploadUrl":"https://storage.googleapis.com/uploads-727333851752.us-central1.cloudfunctions.appspot.com/0e891584-9a74-465b-87de-4c78e0828165.zip?GoogleAccessId=service-41477140349@gcf-admin-robot.iam.gserviceaccount.com&Expires=1657669703&Signature=IgctKAkMJ%2Bs7HUFOmoffM5upGLYrE6eH9w%2FH1vRzGxNyx14Pj2vuotDCWthX6w78EFAiqHa1YNnNtdCHCgzeS7NNVApkKYMg8WX3Ji4wT3elkZ06kHUKzUKuMLtgUgYd7KJRmvoXI8SHIDZYWBH2GdP0goJGB%2Beau9ZqhQWV3KwMZpoGmMYe3X7uWrh0lKyiSHM2F6qd8EZ%2FXfhzewo15yi9YDY1GSx44YfWz0uAi%2FdQSe1zlq3y%2FCy%2B3UUsVQQmi6TQi%2BwvuqHHdiaW2Vg%2BimN%2BzKxx3U9KMCN%2BitCUPZ6k8B%2BJgicwz8tCyly9j7dmz1DFAUKXvl%2FFHQmV0n3C7g%3D%3D","environmentVariables":{"FIREBASE_CONFIG":"{\"projectId\":\"clone-45b68\",\"storageBucket\":\"clone-45b68.appspot.com\",\"locationId\":\"us-central\"}","GCLOUD_PROJECT":"clone-45b68"},"runtime":"nodejs16","ingressSettings":"ALLOW_ALL","buildId":"5f6dd4fa-d45d-41e0-8123-c263cc137b69","buildName":"projects/41477140349/locations/us-central1/builds/5f6dd4fa-d45d-41e0-8123-c263cc137b69","dockerRegistry":"ARTIFACT_REGISTRY"},"versionId":"8","updateTime":"2022-07-12T23:18:24Z","buildId":"52072d3c-d66e-4558-9940-07bce4eb49e6","buildName":"projects/41477140349/locations/us-central1/builds/52072d3c-d66e-4558-9940-07bce4eb49e6"}}
[debug] [2022-07-12T23:17:39.740Z] [update-default-us-central1-api] Retrying task index 0
[debug] [2022-07-12T23:17:39.741Z] >>> [apiv2][query] GET https://cloudfunctions.googleapis.com/v1/operations/Y2xvbmUtNDViNjgvdXMtY2VudHJhbDEvYXBpL1oxbmlDV0draWNj [none]
[debug] [2022-07-12T23:17:39.977Z] <<< [apiv2][status] GET https://cloudfunctions.googleapis.com/v1/operations/Y2xvbmUtNDViNjgvdXMtY2VudHJhbDEvYXBpL1oxbmlDV0draWNj 200
[debug] [2022-07-12T23:17:39.977Z] <<< [apiv2][body] GET https://cloudfunctions.googleapis.com/v1/operations/Y2xvbmUtNDViNjgvdXMtY2VudHJhbDEvYXBpL1oxbmlDV0draWNj {"name":"operations/Y2xvbmUtNDViNjgvdXMtY2VudHJhbDEvYXBpL1oxbmlDV0draWNj","metadata":{"@type":"type.googleapis.com/google.cloud.functions.v1.OperationMetadataV1","target":"projects/clone-45b68/locations/us-central1/functions/api","type":"UPDATE_FUNCTION","request":{"@type":"type.googleapis.com/google.cloud.functions.v1.CloudFunction","name":"projects/clone-45b68/locations/us-central1/functions/api","httpsTrigger":{"url":"https://us-central1-clone-45b68.cloudfunctions.net/api","securityLevel":"SECURE_ALWAYS"},"status":"OFFLINE","entryPoint":"api","timeout":"60s","availableMemoryMb":256,"serviceAccountEmail":"clone-45b68@appspot.gserviceaccount.com","updateTime":"2022-07-12T15:29:17.429Z","versionId":"7","labels":{"deployment-tool":"cli-firebase"},"sourceUploadUrl":"https://storage.googleapis.com/uploads-727333851752.us-central1.cloudfunctions.appspot.com/0e891584-9a74-465b-87de-4c78e0828165.zip?GoogleAccessId=service-41477140349@gcf-admin-robot.iam.gserviceaccount.com&Expires=1657669703&Signature=IgctKAkMJ%2Bs7HUFOmoffM5upGLYrE6eH9w%2FH1vRzGxNyx14Pj2vuotDCWthX6w78EFAiqHa1YNnNtdCHCgzeS7NNVApkKYMg8WX3Ji4wT3elkZ06kHUKzUKuMLtgUgYd7KJRmvoXI8SHIDZYWBH2GdP0goJGB%2Beau9ZqhQWV3KwMZpoGmMYe3X7uWrh0lKyiSHM2F6qd8EZ%2FXfhzewo15yi9YDY1GSx44YfWz0uAi%2FdQSe1zlq3y%2FCy%2B3UUsVQQmi6TQi%2BwvuqHHdiaW2Vg%2BimN%2BzKxx3U9KMCN%2BitCUPZ6k8B%2BJgicwz8tCyly9j7dmz1DFAUKXvl%2FFHQmV0n3C7g%3D%3D","environmentVariables":{"FIREBASE_CONFIG":"{\"projectId\":\"clone-45b68\",\"storageBucket\":\"clone-45b68.appspot.com\",\"locationId\":\"us-central\"}","GCLOUD_PROJECT":"clone-45b68"},"runtime":"nodejs16","ingressSettings":"ALLOW_ALL","buildId":"5f6dd4fa-d45d-41e0-8123-c263cc137b69","buildName":"projects/41477140349/locations/us-central1/builds/5f6dd4fa-d45d-41e0-8123-c263cc137b69","dockerRegistry":"ARTIFACT_REGISTRY"},"versionId":"8","updateTime":"2022-07-12T23:18:24Z","buildId":"52072d3c-d66e-4558-9940-07bce4eb49e6","buildName":"projects/41477140349/locations/us-central1/builds/52072d3c-d66e-4558-9940-07bce4eb49e6"}}
[debug] [2022-07-12T23:17:49.981Z] [update-default-us-central1-api] Retrying task index 0
[debug] [2022-07-12T23:17:49.982Z] >>> [apiv2][query] GET https://cloudfunctions.googleapis.com/v1/operations/Y2xvbmUtNDViNjgvdXMtY2VudHJhbDEvYXBpL1oxbmlDV0draWNj [none]
[debug] [2022-07-12T23:17:50.210Z] <<< [apiv2][status] GET https://cloudfunctions.googleapis.com/v1/operations/Y2xvbmUtNDViNjgvdXMtY2VudHJhbDEvYXBpL1oxbmlDV0draWNj 200
[debug] [2022-07-12T23:17:50.211Z] <<< [apiv2][body] GET https://cloudfunctions.googleapis.com/v1/operations/Y2xvbmUtNDViNjgvdXMtY2VudHJhbDEvYXBpL1oxbmlDV0draWNj {"name":"operations/Y2xvbmUtNDViNjgvdXMtY2VudHJhbDEvYXBpL1oxbmlDV0draWNj","metadata":{"@type":"type.googleapis.com/google.cloud.functions.v1.OperationMetadataV1","target":"projects/clone-45b68/locations/us-central1/functions/api","type":"UPDATE_FUNCTION","request":{"@type":"type.googleapis.com/google.cloud.functions.v1.CloudFunction","name":"projects/clone-45b68/locations/us-central1/functions/api","httpsTrigger":{"url":"https://us-central1-clone-45b68.cloudfunctions.net/api","securityLevel":"SECURE_ALWAYS"},"status":"OFFLINE","entryPoint":"api","timeout":"60s","availableMemoryMb":256,"serviceAccountEmail":"clone-45b68@appspot.gserviceaccount.com","updateTime":"2022-07-12T15:29:17.429Z","versionId":"7","labels":{"deployment-tool":"cli-firebase"},"sourceUploadUrl":"https://storage.googleapis.com/uploads-727333851752.us-central1.cloudfunctions.appspot.com/0e891584-9a74-465b-87de-4c78e0828165.zip?GoogleAccessId=service-41477140349@gcf-admin-robot.iam.gserviceaccount.com&Expires=1657669703&Signature=IgctKAkMJ%2Bs7HUFOmoffM5upGLYrE6eH9w%2FH1vRzGxNyx14Pj2vuotDCWthX6w78EFAiqHa1YNnNtdCHCgzeS7NNVApkKYMg8WX3Ji4wT3elkZ06kHUKzUKuMLtgUgYd7KJRmvoXI8SHIDZYWBH2GdP0goJGB%2Beau9ZqhQWV3KwMZpoGmMYe3X7uWrh0lKyiSHM2F6qd8EZ%2FXfhzewo15yi9YDY1GSx44YfWz0uAi%2FdQSe1zlq3y%2FCy%2B3UUsVQQmi6TQi%2BwvuqHHdiaW2Vg%2BimN%2BzKxx3U9KMCN%2BitCUPZ6k8B%2BJgicwz8tCyly9j7dmz1DFAUKXvl%2FFHQmV0n3C7g%3D%3D","environmentVariables":{"FIREBASE_CONFIG":"{\"projectId\":\"clone-45b68\",\"storageBucket\":\"clone-45b68.appspot.com\",\"locationId\":\"us-central\"}","GCLOUD_PROJECT":"clone-45b68"},"runtime":"nodejs16","ingressSettings":"ALLOW_ALL","buildId":"5f6dd4fa-d45d-41e0-8123-c263cc137b69","buildName":"projects/41477140349/locations/us-central1/builds/5f6dd4fa-d45d-41e0-8123-c263cc137b69","dockerRegistry":"ARTIFACT_REGISTRY"},"versionId":"8","updateTime":"2022-07-12T23:18:24Z","buildId":"52072d3c-d66e-4558-9940-07bce4eb49e6","buildName":"projects/41477140349/locations/us-central1/builds/52072d3c-d66e-4558-9940-07bce4eb49e6"}}
[debug] [2022-07-12T23:18:00.219Z] [update-default-us-central1-api] Retrying task index 0
[debug] [2022-07-12T23:18:00.221Z] >>> [apiv2][query] GET https://cloudfunctions.googleapis.com/v1/operations/Y2xvbmUtNDViNjgvdXMtY2VudHJhbDEvYXBpL1oxbmlDV0draWNj [none]
[debug] [2022-07-12T23:18:00.455Z] <<< [apiv2][status] GET https://cloudfunctions.googleapis.com/v1/operations/Y2xvbmUtNDViNjgvdXMtY2VudHJhbDEvYXBpL1oxbmlDV0draWNj 200
[debug] [2022-07-12T23:18:00.456Z] <<< [apiv2][body] GET https://cloudfunctions.googleapis.com/v1/operations/Y2xvbmUtNDViNjgvdXMtY2VudHJhbDEvYXBpL1oxbmlDV0draWNj {"name":"operations/Y2xvbmUtNDViNjgvdXMtY2VudHJhbDEvYXBpL1oxbmlDV0draWNj","metadata":{"@type":"type.googleapis.com/google.cloud.functions.v1.OperationMetadataV1","target":"projects/clone-45b68/locations/us-central1/functions/api","type":"UPDATE_FUNCTION","request":{"@type":"type.googleapis.com/google.cloud.functions.v1.CloudFunction","name":"projects/clone-45b68/locations/us-central1/functions/api","httpsTrigger":{"url":"https://us-central1-clone-45b68.cloudfunctions.net/api","securityLevel":"SECURE_ALWAYS"},"status":"OFFLINE","entryPoint":"api","timeout":"60s","availableMemoryMb":256,"serviceAccountEmail":"clone-45b68@appspot.gserviceaccount.com","updateTime":"2022-07-12T15:29:17.429Z","versionId":"7","labels":{"deployment-tool":"cli-firebase"},"sourceUploadUrl":"https://storage.googleapis.com/uploads-727333851752.us-central1.cloudfunctions.appspot.com/0e891584-9a74-465b-87de-4c78e0828165.zip?GoogleAccessId=service-41477140349@gcf-admin-robot.iam.gserviceaccount.com&Expires=1657669703&Signature=IgctKAkMJ%2Bs7HUFOmoffM5upGLYrE6eH9w%2FH1vRzGxNyx14Pj2vuotDCWthX6w78EFAiqHa1YNnNtdCHCgzeS7NNVApkKYMg8WX3Ji4wT3elkZ06kHUKzUKuMLtgUgYd7KJRmvoXI8SHIDZYWBH2GdP0goJGB%2Beau9ZqhQWV3KwMZpoGmMYe3X7uWrh0lKyiSHM2F6qd8EZ%2FXfhzewo15yi9YDY1GSx44YfWz0uAi%2FdQSe1zlq3y%2FCy%2B3UUsVQQmi6TQi%2BwvuqHHdiaW2Vg%2BimN%2BzKxx3U9KMCN%2BitCUPZ6k8B%2BJgicwz8tCyly9j7dmz1DFAUKXvl%2FFHQmV0n3C7g%3D%3D","environmentVariables":{"FIREBASE_CONFIG":"{\"projectId\":\"clone-45b68\",\"storageBucket\":\"clone-45b68.appspot.com\",\"locationId\":\"us-central\"}","GCLOUD_PROJECT":"clone-45b68"},"runtime":"nodejs16","ingressSettings":"ALLOW_ALL","buildId":"5f6dd4fa-d45d-41e0-8123-c263cc137b69","buildName":"projects/41477140349/locations/us-central1/builds/5f6dd4fa-d45d-41e0-8123-c263cc137b69","dockerRegistry":"ARTIFACT_REGISTRY"},"versionId":"8","updateTime":"2022-07-12T23:18:24Z","buildId":"52072d3c-d66e-4558-9940-07bce4eb49e6","sourceToken":"40218c40-ad67-465e-ba71-c1237f055730","buildName":"projects/41477140349/locations/us-central1/builds/52072d3c-d66e-4558-9940-07bce4eb49e6"}}
[debug] [2022-07-12T23:18:00.456Z] Got source token 40218c40-ad67-465e-ba71-c1237f055730 for region us-central1
[debug] [2022-07-12T23:18:10.460Z] [update-default-us-central1-api] Retrying task index 0
[debug] [2022-07-12T23:18:10.461Z] >>> [apiv2][query] GET https://cloudfunctions.googleapis.com/v1/operations/Y2xvbmUtNDViNjgvdXMtY2VudHJhbDEvYXBpL1oxbmlDV0draWNj [none]
[debug] [2022-07-12T23:18:10.722Z] <<< [apiv2][status] GET https://cloudfunctions.googleapis.com/v1/operations/Y2xvbmUtNDViNjgvdXMtY2VudHJhbDEvYXBpL1oxbmlDV0draWNj 200
[debug] [2022-07-12T23:18:10.723Z] <<< [apiv2][body] GET https://cloudfunctions.googleapis.com/v1/operations/Y2xvbmUtNDViNjgvdXMtY2VudHJhbDEvYXBpL1oxbmlDV0draWNj {"name":"operations/Y2xvbmUtNDViNjgvdXMtY2VudHJhbDEvYXBpL1oxbmlDV0draWNj","metadata":{"@type":"type.googleapis.com/google.cloud.functions.v1.OperationMetadataV1","target":"projects/clone-45b68/locations/us-central1/functions/api","type":"UPDATE_FUNCTION","request":{"@type":"type.googleapis.com/google.cloud.functions.v1.CloudFunction","name":"projects/clone-45b68/locations/us-central1/functions/api","httpsTrigger":{"url":"https://us-central1-clone-45b68.cloudfunctions.net/api","securityLevel":"SECURE_ALWAYS"},"status":"OFFLINE","entryPoint":"api","timeout":"60s","availableMemoryMb":256,"serviceAccountEmail":"clone-45b68@appspot.gserviceaccount.com","updateTime":"2022-07-12T15:29:17.429Z","versionId":"7","labels":{"deployment-tool":"cli-firebase"},"sourceUploadUrl":"https://storage.googleapis.com/uploads-727333851752.us-central1.cloudfunctions.appspot.com/0e891584-9a74-465b-87de-4c78e0828165.zip?GoogleAccessId=service-41477140349@gcf-admin-robot.iam.gserviceaccount.com&Expires=1657669703&Signature=IgctKAkMJ%2Bs7HUFOmoffM5upGLYrE6eH9w%2FH1vRzGxNyx14Pj2vuotDCWthX6w78EFAiqHa1YNnNtdCHCgzeS7NNVApkKYMg8WX3Ji4wT3elkZ06kHUKzUKuMLtgUgYd7KJRmvoXI8SHIDZYWBH2GdP0goJGB%2Beau9ZqhQWV3KwMZpoGmMYe3X7uWrh0lKyiSHM2F6qd8EZ%2FXfhzewo15yi9YDY1GSx44YfWz0uAi%2FdQSe1zlq3y%2FCy%2B3UUsVQQmi6TQi%2BwvuqHHdiaW2Vg%2BimN%2BzKxx3U9KMCN%2BitCUPZ6k8B%2BJgicwz8tCyly9j7dmz1DFAUKXvl%2FFHQmV0n3C7g%3D%3D","environmentVariables":{"FIREBASE_CONFIG":"{\"projectId\":\"clone-45b68\",\"storageBucket\":\"clone-45b68.appspot.com\",\"locationId\":\"us-central\"}","GCLOUD_PROJECT":"clone-45b68"},"runtime":"nodejs16","ingressSettings":"ALLOW_ALL","buildId":"5f6dd4fa-d45d-41e0-8123-c263cc137b69","buildName":"projects/41477140349/locations/us-central1/builds/5f6dd4fa-d45d-41e0-8123-c263cc137b69","dockerRegistry":"ARTIFACT_REGISTRY"},"versionId":"8","updateTime":"2022-07-12T23:19:41Z","buildId":"52072d3c-d66e-4558-9940-07bce4eb49e6","sourceToken":"40218c40-ad67-465e-ba71-c1237f055730","buildName":"projects/41477140349/locations/us-central1/builds/52072d3c-d66e-4558-9940-07bce4eb49e6"},"done":true,"error":{"code":3,"message":"Function failed on loading user code. This is likely due to a bug in the user code. Error message: Error: please examine your function logs to see the error cause: https://cloud.google.com/functions/docs/monitoring/logging#viewing_logs. Additional troubleshooting documentation can be found at https://cloud.google.com/functions/docs/troubleshooting#logging. Please visit https://cloud.google.com/functions/docs/troubleshooting for in-depth troubleshooting documentation."}}
[debug] [2022-07-12T23:18:10.723Z] Got source token 40218c40-ad67-465e-ba71-c1237f055730 for region us-central1
[error] Function failed on loading user code. This is likely due to a bug in the user code. Error message: Error: please examine your function logs to see the error cause: https://cloud.google.com/functions/docs/monitoring/logging#viewing_logs. Additional troubleshooting documentation can be found at https://cloud.google.com/functions/docs/troubleshooting#logging. Please visit https://cloud.google.com/functions/docs/troubleshooting for in-depth troubleshooting documentation.
[debug] [2022-07-12T23:18:10.748Z] Total Function Deployment time: 79202
[debug] [2022-07-12T23:18:10.748Z] 1 Functions Deployed
[debug] [2022-07-12T23:18:10.749Z] 1 Functions Errored
[debug] [2022-07-12T23:18:10.749Z] 0 Function Deployments Aborted
[debug] [2022-07-12T23:18:10.750Z] Average Function Deployment time: 79198
[info] 
[info] Functions deploy had errors with the following functions:
	api(us-central1)
[debug] [2022-07-12T23:18:11.106Z] Not printing URL for HTTPS function. Typically this means it didn't match a filter or we failed deployment
[info] i  functions: cleaning up build files... 
[debug] [2022-07-12T23:18:11.114Z] >>> [apiv2][query] DELETE https://artifactregistry.googleapis.com/v1beta2/projects/clone-45b68/locations/us-central1/repositories/gcf-artifacts/packages/api [none]
[debug] [2022-07-12T23:18:11.118Z] >>> [apiv2][query] GET https://us.gcr.io/v2/clone-45b68/gcf/us-central1/tags/list [none]
[debug] [2022-07-12T23:18:11.520Z] <<< [apiv2][status] GET https://us.gcr.io/v2/clone-45b68/gcf/us-central1/tags/list 200
[debug] [2022-07-12T23:18:11.521Z] <<< [apiv2][body] GET https://us.gcr.io/v2/clone-45b68/gcf/us-central1/tags/list {"child":[],"manifest":{},"name":"clone-45b68/gcf/us-central1","tags":[]}
[debug] [2022-07-12T23:18:11.521Z] Could not find image for function projects/clone-45b68/locations/us-central1/functions/api
[debug] [2022-07-12T23:18:11.737Z] <<< [apiv2][status] DELETE https://artifactregistry.googleapis.com/v1beta2/projects/clone-45b68/locations/us-central1/repositories/gcf-artifacts/packages/api 200
[debug] [2022-07-12T23:18:11.737Z] <<< [apiv2][body] DELETE https://artifactregistry.googleapis.com/v1beta2/projects/clone-45b68/locations/us-central1/repositories/gcf-artifacts/packages/api {"name":"projects/clone-45b68/locations/us-central1/operations/60f88b9f-e711-47c9-81c6-59c23f833b2a","metadata":{"@type":"type.googleapis.com/google.devtools.artifactregistry.v1beta2.OperationMetadata"}}
[debug] [2022-07-12T23:18:11.738Z] >>> [apiv2][query] GET https://artifactregistry.googleapis.com/v1beta2/projects/clone-45b68/locations/us-central1/operations/60f88b9f-e711-47c9-81c6-59c23f833b2a [none]
[debug] [2022-07-12T23:18:12.055Z] <<< [apiv2][status] GET https://artifactregistry.googleapis.com/v1beta2/projects/clone-45b68/locations/us-central1/operations/60f88b9f-e711-47c9-81c6-59c23f833b2a 200
[debug] [2022-07-12T23:18:12.059Z] <<< [apiv2][body] GET https://artifactregistry.googleapis.com/v1beta2/projects/clone-45b68/locations/us-central1/operations/60f88b9f-e711-47c9-81c6-59c23f833b2a {"name":"projects/clone-45b68/locations/us-central1/operations/60f88b9f-e711-47c9-81c6-59c23f833b2a","metadata":{"@type":"type.googleapis.com/google.devtools.artifactregistry.v1beta2.OperationMetadata"},"done":true,"response":{"@type":"type.googleapis.com/google.protobuf.Empty"}}
[debug] [2022-07-12T23:18:12.331Z] Error: Failed to update function api in region us-central1
    at C:\Users\shivam\AppData\Roaming\npm\node_modules\firebase-tools\lib\deploy\functions\release\fabricator.js:41:11
    at processTicksAndRejections (internal/process/task_queues.js:95:5)
    at async Fabricator.updateV1Function (C:\Users\shivam\AppData\Roaming\npm\node_modules\firebase-tools\lib\deploy\functions\release\fabricator.js:295:32)
    at async Fabricator.updateEndpoint (C:\Users\shivam\AppData\Roaming\npm\node_modules\firebase-tools\lib\deploy\functions\release\fabricator.js:136:13)
    at async handle (C:\Users\shivam\AppData\Roaming\npm\node_modules\firebase-tools\lib\deploy\functions\release\fabricator.js:77:17)
[error] 
[error] Error: There was an error deploying functions
